<?xml version="1.0" encoding="utf-8"?>
<shfbBuild product="Sandcastle Help File Builder and Tools" version="2015.7.25.0" projectFile="C:\Users\tobe\Source\Repos\moosh\moosh.shfbproj" started="9/28/2015 10:11:35 PM">
<buildStep step="Initializing">
Finding tools...
The Sandcastle tools are located in &#39;c:\Program Files (x86)\EWSoftware\Sandcastle Help File Builder\&#39;
Locating components in the following folder(s):
    C:\Users\tobe\Source\Repos\moosh
    C:\ProgramData\EWSoftware\Sandcastle Help File Builder\Components and Plug-Ins\
    c:\Program Files (x86)\EWSoftware\Sandcastle Help File Builder\
Framework reflection data location: c:\Program Files (x86)\EWSoftware\Sandcastle Help File Builder\Data\.NETFramework
Using presentation style &#39;VS2013&#39; located in &#39;c:\Program Files (x86)\EWSoftware\Sandcastle Help File Builder\PresentationStyles\VS2013&#39;
Loading and initializing plug-ins...
Lightweight Website Style Version 2015.7.25.0
Copyright &#169; 2006-2015, Eric Woodruff, All Rights Reserved
Portions Copyright &#169; 2014, Sam Harwell, All Rights Reserved
-------------------------------
Clearing any prior web/markdown output...
</buildStep>
<buildStep step="ValidatingDocumentationSources">
Validating and copying documentation source information
Source: C:\Users\tobe\Source\Repos\moosh\Moosh.dll
    Found assembly &#39;C:\Users\tobe\Source\Repos\moosh\Moosh.dll&#39;
Source: C:\Users\tobe\Source\Repos\moosh\Moosh.xml

Copying XML comments files
    C:\Users\tobe\Source\Repos\moosh\Moosh.XML -&gt; C:\Users\tobe\Source\Repos\moosh\Help\Working\Moosh.XML
</buildStep>
<buildStep step="GenerateSharedContent">
Generating shared content files (en-US, English (United States))...
<plugIn name="Lightweight Website Style" behavior="After" priority="1000">
</plugIn>    Last step completed in 00:00:00.0765
</buildStep>
<buildStep step="GenerateApiFilter">
Generating API filter for MRefBuilder...
    Last step completed in 00:00:00.0060
</buildStep>
<buildStep step="GenerateReflectionInfo">
Generating reflection information...
[C:\windows\Microsoft.NET\Framework64\v4.0.30319\MSBuild.exe - GenerateRefInfo.proj]
Build started 9/28/2015 10:11:37 PM.
Project &quot;C:\Users\tobe\Source\Repos\moosh\Help\Working\GenerateRefInfo.proj&quot; on node 1 (default targets).
PrepareForBuild:
  Creating directory &quot;obj\Debug\&quot;.
GenerateRefInfo:
  MRefBuilder (v2015.7.25.0)
  Copyright c 2006-2015, Microsoft Corporation, All Rights Reserved.
  Portions Copyright c 2006-2015, Eric Woodruff, All Rights Reserved.
  Loaded 1 assemblies for reflection and 1 dependency assemblies.
  Wrote information on 1 namespaces, 6 types, and 39 members
  Copying file from &quot;reflection.org&quot; to &quot;reflection.all&quot;.
  XslTransform (v2015.7.25.0)
  Copyright c 2006-2015, Microsoft Corporation, All Rights Reserved.
  Portions Copyright c 2006-2015, Eric Woodruff, All Rights Reserved.
  Applying XSL transformation &#39;c:\Program Files (x86)\EWSoftware\Sandcastle Help File Builder\ProductionTransforms\MergeDuplicates.xsl&#39;.
Done Building Project &quot;C:\Users\tobe\Source\Repos\moosh\Help\Working\GenerateRefInfo.proj&quot; (default targets).

Build succeeded.

Time Elapsed 00:00:02.46
    Last step completed in 00:00:02.6612
</buildStep>
<buildStep step="TransformReflectionInfo">
Transforming reflection output...
[C:\windows\Microsoft.NET\Framework64\v4.0.30319\MSBuild.exe - TransformManifest.proj]
Build started 9/28/2015 10:11:40 PM.
Project &quot;C:\Users\tobe\Source\Repos\moosh\Help\Working\TransformManifest.proj&quot; on node 1 (default targets).
TransformManifest:
  XslTransform (v2015.7.25.0)
  Copyright c 2006-2015, Microsoft Corporation, All Rights Reserved.
  Portions Copyright c 2006-2015, Eric Woodruff, All Rights Reserved.
  Applying XSL transformation &#39;C:\Program Files (x86)\EWSoftware\Sandcastle Help File Builder\\ProductionTransforms\ApplyVSDocModel.xsl&#39;.
  Copying file from &quot;reflection.xml&quot; to &quot;reflection.nofilenames&quot;.
  XslTransform (v2015.7.25.0)
  Copyright c 2006-2015, Microsoft Corporation, All Rights Reserved.
  Portions Copyright c 2006-2015, Eric Woodruff, All Rights Reserved.
  Applying XSL transformation &#39;c:\Program Files (x86)\EWSoftware\Sandcastle Help File Builder\ProductionTransforms\AddFilenames.xsl&#39;.
  XslTransform (v2015.7.25.0)
  Copyright c 2006-2015, Microsoft Corporation, All Rights Reserved.
  Portions Copyright c 2006-2015, Eric Woodruff, All Rights Reserved.
  Applying XSL transformation &#39;c:\Program Files (x86)\EWSoftware\Sandcastle Help File Builder\ProductionTransforms\ReflectionToManifest.xsl&#39;.
Done Building Project &quot;C:\Users\tobe\Source\Repos\moosh\Help\Working\TransformManifest.proj&quot; (default targets).

Build succeeded.

Time Elapsed 00:00:00.99
    Last step completed in 00:00:01.1021
</buildStep>
<buildStep step="GenerateNamespaceSummaries">
Generating namespace summary information...
    Last step completed in 00:00:00.0340
</buildStep>
<buildStep step="CopyAdditionalContent">
Copying additional content files...
No additional content to copy
    Last step completed in 00:00:00.0070
</buildStep>
<buildStep step="MergeTablesOfContents">
Merging conceptual and additional tables of contents...
    Last step completed in 00:00:00.0000
</buildStep>
<buildStep step="GenerateIntermediateTableOfContents">
Generating intermediate table of contents file...
[C:\windows\Microsoft.NET\Framework64\v4.0.30319\MSBuild.exe - GenerateIntermediateTOC.proj]
Build started 9/28/2015 10:11:41 PM.
Project &quot;C:\Users\tobe\Source\Repos\moosh\Help\Working\GenerateIntermediateTOC.proj&quot; on node 1 (default targets).
GenerateIntermediateTOC:
  XslTransform (v2015.7.25.0)
  Copyright c 2006-2015, Microsoft Corporation, All Rights Reserved.
  Portions Copyright c 2006-2015, Eric Woodruff, All Rights Reserved.
  Applying XSL transformation &#39;C:\Program Files (x86)\EWSoftware\Sandcastle Help File Builder\\ProductionTransforms\CreateVSToc.xsl&#39;.
Done Building Project &quot;C:\Users\tobe\Source\Repos\moosh\Help\Working\GenerateIntermediateTOC.proj&quot; (default targets).

Build succeeded.

Time Elapsed 00:00:00.20
Generating conceptual content intermediate TOC file...
    Last step completed in 00:00:00.2960
</buildStep>
<buildStep step="CreateBuildAssemblerConfigs">
Creating Sandcastle configuration files...
    sandcastle.config
    Last step completed in 00:00:01.2671
</buildStep>
<buildStep step="MergeCustomConfigs">
Merging custom build component configurations
C:\Users\tobe\Source\Repos\moosh\Help\Working\sandcastle.config
    Last step completed in 00:00:00.0090
</buildStep>
<buildStep step="BuildReferenceTopics">
Building reference help topics...
[C:\windows\Microsoft.NET\Framework64\v4.0.30319\MSBuild.exe - BuildReferenceTopics.proj]
Build started 9/28/2015 10:11:42 PM.
Project &quot;C:\Users\tobe\Source\Repos\moosh\Help\Working\BuildReferenceTopics.proj&quot; on node 1 (default targets).
BuildReferenceTopics:
  BuildAssembler (v2015.7.25.0)
  Copyright c 2006-2015, Microsoft Corporation, All Rights Reserved.
  Portions Copyright c 2006-2015, Eric Woodruff, All Rights Reserved.
  Loading configuration...
  Processing topics...
BuildAssembler : warning : ShowMissingComponent: [T:Moosh.Collection`1] Missing &lt;typeparam name=&quot;T&quot;/&gt; documentation [C:\Users\tobe\Source\Repos\moosh\Help\Working\BuildReferenceTopics.proj]
BuildAssembler : warning : ShowMissingComponent: [M:Moosh.Moosh.Async``1(System.Action{``0},``0)] Missing &lt;typeparam name=&quot;T&quot;/&gt; documentation [C:\Users\tobe\Source\Repos\moosh\Help\Working\BuildReferenceTopics.proj]
BuildAssembler : warning : ShowMissingComponent: [M:Moosh.Moosh.Chance``1(System.Int32,System.Func{``0},System.Func{``0})] Missing &lt;typeparam name=&quot;T&quot;/&gt; documentation [C:\Users\tobe\Source\Repos\moosh\Help\Working\BuildReferenceTopics.proj]
BuildAssembler : warning : ShowMissingComponent: [M:Moosh.Moosh.Chance``1(System.Int32,System.Func{``0},System.Func{``0})] Missing &lt;returns&gt; documentation [C:\Users\tobe\Source\Repos\moosh\Help\Working\BuildReferenceTopics.proj]
BuildAssembler : warning : ShowMissingComponent: [M:Moosh.Moosh.SettingsClass.Add(System.String,System.String)] Missing &lt;param name=&quot;key&quot;/&gt; documentation [C:\Users\tobe\Source\Repos\moosh\Help\Working\BuildReferenceTopics.proj]
BuildAssembler : warning : ShowMissingComponent: [M:Moosh.Moosh.SettingsClass.Add(System.String,System.String)] Missing &lt;param name=&quot;value&quot;/&gt; documentation [C:\Users\tobe\Source\Repos\moosh\Help\Working\BuildReferenceTopics.proj]
  Processed 66 topic(s)
  6 warning(s)
  CopyFromIndexComponent: &quot;reflection&quot; in-memory cache entries used: 7 of 15.
  CopyFromIndexComponent: &quot;comments&quot; in-memory cache entries used: 2 of 30.
Done Building Project &quot;C:\Users\tobe\Source\Repos\moosh\Help\Working\BuildReferenceTopics.proj&quot; (default targets).

Build succeeded.

Time Elapsed 00:00:23.46
    Last step completed in 00:00:23.6206
</buildStep>
<buildStep step="CombiningIntermediateTocFiles">
Combining conceptual and API intermediate TOC files...
    Last step completed in 00:00:00.0030
</buildStep>
<buildStep step="ExtractingHtmlInfo">
Extracting HTML info for HTML Help 1 and/or website...
[C:\windows\Microsoft.NET\Framework64\v4.0.30319\MSBuild.exe - ExtractHtmlInfo.proj]
Sandcastle Help File Builder and Tools, version 2015.7.25.0
Copyright c 2006-2015, Eric Woodruff, All Rights Reserved
E-Mail: Eric@EWoodruff.us

Using LCID &#39;1033&#39;, code page &#39;65001&#39;, encoding charset &#39;UTF-8&#39;.

Processing website files in C:\Users\tobe\Source\Repos\moosh\Help\Working\Output\Website
Processed 66 HTML files
Sorting keywords and generating See Also indices
Saving website keyword index to C:\Users\tobe\Source\Repos\moosh\Help\Working\WebKI.xml
Saving website table of contents to C:\Users\tobe\Source\Repos\moosh\Help\Working\WebTOC.xml
    Last step completed in 00:00:00.6430
</buildStep>
<buildStep step="CopyStandardHelpContent">
Copying standard help content...
c:\Program Files (x86)\EWSoftware\Sandcastle Help File Builder\PresentationStyles\VS2013\icons\AlertCaution.png -&gt; C:\Users\tobe\Source\Repos\moosh\Help\Working\Output\Website\icons\AlertCaution.png
c:\Program Files (x86)\EWSoftware\Sandcastle Help File Builder\PresentationStyles\VS2013\icons\AlertNote.png -&gt; C:\Users\tobe\Source\Repos\moosh\Help\Working\Output\Website\icons\AlertNote.png
c:\Program Files (x86)\EWSoftware\Sandcastle Help File Builder\PresentationStyles\VS2013\icons\AlertSecurity.png -&gt; C:\Users\tobe\Source\Repos\moosh\Help\Working\Output\Website\icons\AlertSecurity.png
c:\Program Files (x86)\EWSoftware\Sandcastle Help File Builder\PresentationStyles\VS2013\icons\CFW.gif -&gt; C:\Users\tobe\Source\Repos\moosh\Help\Working\Output\Website\icons\CFW.gif
c:\Program Files (x86)\EWSoftware\Sandcastle Help File Builder\PresentationStyles\VS2013\icons\CodeExample.png -&gt; C:\Users\tobe\Source\Repos\moosh\Help\Working\Output\Website\icons\CodeExample.png
c:\Program Files (x86)\EWSoftware\Sandcastle Help File Builder\PresentationStyles\VS2013\icons\favicon.ico -&gt; C:\Users\tobe\Source\Repos\moosh\Help\Working\Output\Website\icons\favicon.ico
c:\Program Files (x86)\EWSoftware\Sandcastle Help File Builder\PresentationStyles\VS2013\icons\privclass.gif -&gt; C:\Users\tobe\Source\Repos\moosh\Help\Working\Output\Website\icons\privclass.gif
c:\Program Files (x86)\EWSoftware\Sandcastle Help File Builder\PresentationStyles\VS2013\icons\privdelegate.gif -&gt; C:\Users\tobe\Source\Repos\moosh\Help\Working\Output\Website\icons\privdelegate.gif
c:\Program Files (x86)\EWSoftware\Sandcastle Help File Builder\PresentationStyles\VS2013\icons\privenumeration.gif -&gt; C:\Users\tobe\Source\Repos\moosh\Help\Working\Output\Website\icons\privenumeration.gif
c:\Program Files (x86)\EWSoftware\Sandcastle Help File Builder\PresentationStyles\VS2013\icons\privevent.gif -&gt; C:\Users\tobe\Source\Repos\moosh\Help\Working\Output\Website\icons\privevent.gif
c:\Program Files (x86)\EWSoftware\Sandcastle Help File Builder\PresentationStyles\VS2013\icons\privextension.gif -&gt; C:\Users\tobe\Source\Repos\moosh\Help\Working\Output\Website\icons\privextension.gif
c:\Program Files (x86)\EWSoftware\Sandcastle Help File Builder\PresentationStyles\VS2013\icons\privfield.gif -&gt; C:\Users\tobe\Source\Repos\moosh\Help\Working\Output\Website\icons\privfield.gif
c:\Program Files (x86)\EWSoftware\Sandcastle Help File Builder\PresentationStyles\VS2013\icons\privinterface.gif -&gt; C:\Users\tobe\Source\Repos\moosh\Help\Working\Output\Website\icons\privinterface.gif
c:\Program Files (x86)\EWSoftware\Sandcastle Help File Builder\PresentationStyles\VS2013\icons\privmethod.gif -&gt; C:\Users\tobe\Source\Repos\moosh\Help\Working\Output\Website\icons\privmethod.gif
c:\Program Files (x86)\EWSoftware\Sandcastle Help File Builder\PresentationStyles\VS2013\icons\privproperty.gif -&gt; C:\Users\tobe\Source\Repos\moosh\Help\Working\Output\Website\icons\privproperty.gif
c:\Program Files (x86)\EWSoftware\Sandcastle Help File Builder\PresentationStyles\VS2013\icons\privstructure.gif -&gt; C:\Users\tobe\Source\Repos\moosh\Help\Working\Output\Website\icons\privstructure.gif
c:\Program Files (x86)\EWSoftware\Sandcastle Help File Builder\PresentationStyles\VS2013\icons\protclass.gif -&gt; C:\Users\tobe\Source\Repos\moosh\Help\Working\Output\Website\icons\protclass.gif
c:\Program Files (x86)\EWSoftware\Sandcastle Help File Builder\PresentationStyles\VS2013\icons\protdelegate.gif -&gt; C:\Users\tobe\Source\Repos\moosh\Help\Working\Output\Website\icons\protdelegate.gif
c:\Program Files (x86)\EWSoftware\Sandcastle Help File Builder\PresentationStyles\VS2013\icons\protenumeration.gif -&gt; C:\Users\tobe\Source\Repos\moosh\Help\Working\Output\Website\icons\protenumeration.gif
c:\Program Files (x86)\EWSoftware\Sandcastle Help File Builder\PresentationStyles\VS2013\icons\protevent.gif -&gt; C:\Users\tobe\Source\Repos\moosh\Help\Working\Output\Website\icons\protevent.gif
c:\Program Files (x86)\EWSoftware\Sandcastle Help File Builder\PresentationStyles\VS2013\icons\protextension.gif -&gt; C:\Users\tobe\Source\Repos\moosh\Help\Working\Output\Website\icons\protextension.gif
c:\Program Files (x86)\EWSoftware\Sandcastle Help File Builder\PresentationStyles\VS2013\icons\protfield.gif -&gt; C:\Users\tobe\Source\Repos\moosh\Help\Working\Output\Website\icons\protfield.gif
c:\Program Files (x86)\EWSoftware\Sandcastle Help File Builder\PresentationStyles\VS2013\icons\protinterface.gif -&gt; C:\Users\tobe\Source\Repos\moosh\Help\Working\Output\Website\icons\protinterface.gif
c:\Program Files (x86)\EWSoftware\Sandcastle Help File Builder\PresentationStyles\VS2013\icons\protmethod.gif -&gt; C:\Users\tobe\Source\Repos\moosh\Help\Working\Output\Website\icons\protmethod.gif
c:\Program Files (x86)\EWSoftware\Sandcastle Help File Builder\PresentationStyles\VS2013\icons\protoperator.gif -&gt; C:\Users\tobe\Source\Repos\moosh\Help\Working\Output\Website\icons\protoperator.gif
c:\Program Files (x86)\EWSoftware\Sandcastle Help File Builder\PresentationStyles\VS2013\icons\protproperty.gif -&gt; C:\Users\tobe\Source\Repos\moosh\Help\Working\Output\Website\icons\protproperty.gif
c:\Program Files (x86)\EWSoftware\Sandcastle Help File Builder\PresentationStyles\VS2013\icons\protstructure.gif -&gt; C:\Users\tobe\Source\Repos\moosh\Help\Working\Output\Website\icons\protstructure.gif
c:\Program Files (x86)\EWSoftware\Sandcastle Help File Builder\PresentationStyles\VS2013\icons\pubclass.gif -&gt; C:\Users\tobe\Source\Repos\moosh\Help\Working\Output\Website\icons\pubclass.gif
c:\Program Files (x86)\EWSoftware\Sandcastle Help File Builder\PresentationStyles\VS2013\icons\pubdelegate.gif -&gt; C:\Users\tobe\Source\Repos\moosh\Help\Working\Output\Website\icons\pubdelegate.gif
c:\Program Files (x86)\EWSoftware\Sandcastle Help File Builder\PresentationStyles\VS2013\icons\pubenumeration.gif -&gt; C:\Users\tobe\Source\Repos\moosh\Help\Working\Output\Website\icons\pubenumeration.gif
c:\Program Files (x86)\EWSoftware\Sandcastle Help File Builder\PresentationStyles\VS2013\icons\pubevent.gif -&gt; C:\Users\tobe\Source\Repos\moosh\Help\Working\Output\Website\icons\pubevent.gif
c:\Program Files (x86)\EWSoftware\Sandcastle Help File Builder\PresentationStyles\VS2013\icons\pubextension.gif -&gt; C:\Users\tobe\Source\Repos\moosh\Help\Working\Output\Website\icons\pubextension.gif
c:\Program Files (x86)\EWSoftware\Sandcastle Help File Builder\PresentationStyles\VS2013\icons\pubfield.gif -&gt; C:\Users\tobe\Source\Repos\moosh\Help\Working\Output\Website\icons\pubfield.gif
c:\Program Files (x86)\EWSoftware\Sandcastle Help File Builder\PresentationStyles\VS2013\icons\pubinterface.gif -&gt; C:\Users\tobe\Source\Repos\moosh\Help\Working\Output\Website\icons\pubinterface.gif
c:\Program Files (x86)\EWSoftware\Sandcastle Help File Builder\PresentationStyles\VS2013\icons\pubmethod.gif -&gt; C:\Users\tobe\Source\Repos\moosh\Help\Working\Output\Website\icons\pubmethod.gif
c:\Program Files (x86)\EWSoftware\Sandcastle Help File Builder\PresentationStyles\VS2013\icons\puboperator.gif -&gt; C:\Users\tobe\Source\Repos\moosh\Help\Working\Output\Website\icons\puboperator.gif
c:\Program Files (x86)\EWSoftware\Sandcastle Help File Builder\PresentationStyles\VS2013\icons\pubproperty.gif -&gt; C:\Users\tobe\Source\Repos\moosh\Help\Working\Output\Website\icons\pubproperty.gif
c:\Program Files (x86)\EWSoftware\Sandcastle Help File Builder\PresentationStyles\VS2013\icons\pubstructure.gif -&gt; C:\Users\tobe\Source\Repos\moosh\Help\Working\Output\Website\icons\pubstructure.gif
c:\Program Files (x86)\EWSoftware\Sandcastle Help File Builder\PresentationStyles\VS2013\icons\SectionCollapsed.png -&gt; C:\Users\tobe\Source\Repos\moosh\Help\Working\Output\Website\icons\SectionCollapsed.png
c:\Program Files (x86)\EWSoftware\Sandcastle Help File Builder\PresentationStyles\VS2013\icons\SectionExpanded.png -&gt; C:\Users\tobe\Source\Repos\moosh\Help\Working\Output\Website\icons\SectionExpanded.png
c:\Program Files (x86)\EWSoftware\Sandcastle Help File Builder\PresentationStyles\VS2013\icons\slMobile.gif -&gt; C:\Users\tobe\Source\Repos\moosh\Help\Working\Output\Website\icons\slMobile.gif
c:\Program Files (x86)\EWSoftware\Sandcastle Help File Builder\PresentationStyles\VS2013\icons\static.gif -&gt; C:\Users\tobe\Source\Repos\moosh\Help\Working\Output\Website\icons\static.gif
c:\Program Files (x86)\EWSoftware\Sandcastle Help File Builder\PresentationStyles\VS2013\icons\xna.gif -&gt; C:\Users\tobe\Source\Repos\moosh\Help\Working\Output\Website\icons\xna.gif
c:\Program Files (x86)\EWSoftware\Sandcastle Help File Builder\PresentationStyles\VS2013\scripts\branding.js -&gt; C:\Users\tobe\Source\Repos\moosh\Help\Working\Output\Website\scripts\branding.js
c:\Program Files (x86)\EWSoftware\Sandcastle Help File Builder\PresentationStyles\VS2013\styles\branding-cs-CZ.css -&gt; C:\Users\tobe\Source\Repos\moosh\Help\Working\Output\Website\styles\branding-cs-CZ.css
c:\Program Files (x86)\EWSoftware\Sandcastle Help File Builder\PresentationStyles\VS2013\styles\branding-de-DE.css -&gt; C:\Users\tobe\Source\Repos\moosh\Help\Working\Output\Website\styles\branding-de-DE.css
c:\Program Files (x86)\EWSoftware\Sandcastle Help File Builder\PresentationStyles\VS2013\styles\branding-en-US.css -&gt; C:\Users\tobe\Source\Repos\moosh\Help\Working\Output\Website\styles\branding-en-US.css
c:\Program Files (x86)\EWSoftware\Sandcastle Help File Builder\PresentationStyles\VS2013\styles\branding-es-ES.css -&gt; C:\Users\tobe\Source\Repos\moosh\Help\Working\Output\Website\styles\branding-es-ES.css
c:\Program Files (x86)\EWSoftware\Sandcastle Help File Builder\PresentationStyles\VS2013\styles\branding-fr-FR.css -&gt; C:\Users\tobe\Source\Repos\moosh\Help\Working\Output\Website\styles\branding-fr-FR.css
c:\Program Files (x86)\EWSoftware\Sandcastle Help File Builder\PresentationStyles\VS2013\styles\branding-Help1.css -&gt; C:\Users\tobe\Source\Repos\moosh\Help\Working\Output\Website\styles\branding-Help1.css
c:\Program Files (x86)\EWSoftware\Sandcastle Help File Builder\PresentationStyles\VS2013\styles\branding-HelpViewer.css -&gt; C:\Users\tobe\Source\Repos\moosh\Help\Working\Output\Website\styles\branding-HelpViewer.css
c:\Program Files (x86)\EWSoftware\Sandcastle Help File Builder\PresentationStyles\VS2013\styles\branding-it-IT.css -&gt; C:\Users\tobe\Source\Repos\moosh\Help\Working\Output\Website\styles\branding-it-IT.css
c:\Program Files (x86)\EWSoftware\Sandcastle Help File Builder\PresentationStyles\VS2013\styles\branding-ja-JP.css -&gt; C:\Users\tobe\Source\Repos\moosh\Help\Working\Output\Website\styles\branding-ja-JP.css
c:\Program Files (x86)\EWSoftware\Sandcastle Help File Builder\PresentationStyles\VS2013\styles\branding-ko-KR.css -&gt; C:\Users\tobe\Source\Repos\moosh\Help\Working\Output\Website\styles\branding-ko-KR.css
c:\Program Files (x86)\EWSoftware\Sandcastle Help File Builder\PresentationStyles\VS2013\styles\branding-pl-PL.css -&gt; C:\Users\tobe\Source\Repos\moosh\Help\Working\Output\Website\styles\branding-pl-PL.css
c:\Program Files (x86)\EWSoftware\Sandcastle Help File Builder\PresentationStyles\VS2013\styles\branding-pt-BR.css -&gt; C:\Users\tobe\Source\Repos\moosh\Help\Working\Output\Website\styles\branding-pt-BR.css
c:\Program Files (x86)\EWSoftware\Sandcastle Help File Builder\PresentationStyles\VS2013\styles\branding-ru-RU.css -&gt; C:\Users\tobe\Source\Repos\moosh\Help\Working\Output\Website\styles\branding-ru-RU.css
c:\Program Files (x86)\EWSoftware\Sandcastle Help File Builder\PresentationStyles\VS2013\styles\branding-tr-TR.css -&gt; C:\Users\tobe\Source\Repos\moosh\Help\Working\Output\Website\styles\branding-tr-TR.css
c:\Program Files (x86)\EWSoftware\Sandcastle Help File Builder\PresentationStyles\VS2013\styles\branding-Website.css -&gt; C:\Users\tobe\Source\Repos\moosh\Help\Working\Output\Website\styles\branding-Website.css
c:\Program Files (x86)\EWSoftware\Sandcastle Help File Builder\PresentationStyles\VS2013\styles\branding-zh-CN.css -&gt; C:\Users\tobe\Source\Repos\moosh\Help\Working\Output\Website\styles\branding-zh-CN.css
c:\Program Files (x86)\EWSoftware\Sandcastle Help File Builder\PresentationStyles\VS2013\styles\branding-zh-TW.css -&gt; C:\Users\tobe\Source\Repos\moosh\Help\Working\Output\Website\styles\branding-zh-TW.css
c:\Program Files (x86)\EWSoftware\Sandcastle Help File Builder\PresentationStyles\VS2013\styles\branding.css -&gt; C:\Users\tobe\Source\Repos\moosh\Help\Working\Output\Website\styles\branding.css
c:\Program Files (x86)\EWSoftware\Sandcastle Help File Builder\PresentationStyles\VS2013\Web\index.html -&gt; C:\Users\tobe\Source\Repos\moosh\Help\Working\Output\Website\index.html
c:\Program Files (x86)\EWSoftware\Sandcastle Help File Builder\PresentationStyles\VS2013\Web\search.html -&gt; C:\Users\tobe\Source\Repos\moosh\Help\Working\Output\Website\search.html
c:\Program Files (x86)\EWSoftware\Sandcastle Help File Builder\PresentationStyles\VS2013\Web\SearchHelp.aspx -&gt; C:\Users\tobe\Source\Repos\moosh\Help\Working\Output\Website\SearchHelp.aspx
c:\Program Files (x86)\EWSoftware\Sandcastle Help File Builder\PresentationStyles\VS2013\Web\SearchHelp.inc.php -&gt; C:\Users\tobe\Source\Repos\moosh\Help\Working\Output\Website\SearchHelp.inc.php
c:\Program Files (x86)\EWSoftware\Sandcastle Help File Builder\PresentationStyles\VS2013\Web\SearchHelp.php -&gt; C:\Users\tobe\Source\Repos\moosh\Help\Working\Output\Website\SearchHelp.php
c:\Program Files (x86)\EWSoftware\Sandcastle Help File Builder\PresentationStyles\VS2013\Web\Web.Config -&gt; C:\Users\tobe\Source\Repos\moosh\Help\Working\Output\Website\Web.Config
c:\Program Files (x86)\EWSoftware\Sandcastle Help File Builder\PresentationStyles\VS2013\Web\icons\Search.png -&gt; C:\Users\tobe\Source\Repos\moosh\Help\Working\Output\Website\icons\Search.png
c:\Program Files (x86)\EWSoftware\Sandcastle Help File Builder\PresentationStyles\VS2013\Web\icons\TocClose.gif -&gt; C:\Users\tobe\Source\Repos\moosh\Help\Working\Output\Website\icons\TocClose.gif
c:\Program Files (x86)\EWSoftware\Sandcastle Help File Builder\PresentationStyles\VS2013\Web\icons\TocCollapsed.gif -&gt; C:\Users\tobe\Source\Repos\moosh\Help\Working\Output\Website\icons\TocCollapsed.gif
c:\Program Files (x86)\EWSoftware\Sandcastle Help File Builder\PresentationStyles\VS2013\Web\icons\TocExpanded.gif -&gt; C:\Users\tobe\Source\Repos\moosh\Help\Working\Output\Website\icons\TocExpanded.gif
c:\Program Files (x86)\EWSoftware\Sandcastle Help File Builder\PresentationStyles\VS2013\Web\icons\TocOpen.gif -&gt; C:\Users\tobe\Source\Repos\moosh\Help\Working\Output\Website\icons\TocOpen.gif
c:\Program Files (x86)\EWSoftware\Sandcastle Help File Builder\PresentationStyles\VS2013\Web\scripts\branding-Website.js -&gt; C:\Users\tobe\Source\Repos\moosh\Help\Working\Output\Website\scripts\branding-Website.js
c:\Program Files (x86)\EWSoftware\Sandcastle Help File Builder\PresentationStyles\VS2013\Web\scripts\jquery-1.11.0.min.js -&gt; C:\Users\tobe\Source\Repos\moosh\Help\Working\Output\Website\scripts\jquery-1.11.0.min.js
    Last step completed in 00:00:00.2230
</buildStep>
<buildStep step="GenerateHelpFormatTableOfContents">
Generating website table of contents file...
    Last step completed in 00:00:00.0030
</buildStep>
<buildStep step="GenerateFullTextIndex">
Generating full-text index for the website...

<plugIn name="Lightweight Website Style" behavior="After" priority="1000">
Adding lightweight search and TOC elements to each topic...
</plugIn>    Last step completed in 00:00:00.5540
</buildStep>
<buildStep step="CopyingWebsiteFiles">
Copying website files to output folder...

Copied 189 files for the website content
    Last step completed in 00:00:00.4060
</buildStep>
<buildStep step="CleanIntermediates">
Removing intermediate files...
    Last step completed in 00:00:00.2410
</buildStep>
<buildStep step="Completed">

Build completed successfully at 9/28/2015 10:12:08 PM.  Total time: 00:00:32.5242

</buildStep>
</shfbBuild>
